<?xml version="1.0" encoding="UTF-8"?>
<!-- Generated by org.testng.reporters.JUnitXMLReporter -->
<testsuite ignored="0" hostname="DESKTOP-95104MM" failures="0" tests="3" name="Default test" time="42.975" errors="0" timestamp="2021-08-18T16:21:38 IST">
  <testcase classname="EasyMyTrip.calender" name="calendertest" time="2.435"/>
  <testcase classname="EasyMyTrip.calender" name="staticDropDown2" time="0.455"/>
  <testcase classname="EasyMyTrip.calender" name="staticDropDwon1" time="0.516"/>
</testsuite> <!-- Default test -->
