<?xml version="1.0" encoding="UTF-8"?>
<!-- Generated by org.testng.reporters.JUnitXMLReporter -->
<testsuite ignored="0" hostname="DESKTOP-95104MM" failures="0" tests="3" name="calender" time="69.162" errors="0" timestamp="2021-08-17T17:02:40 IST">
  <testcase classname="EasyMyTrip.calender" name="calendertest" time="16.61"/>
  <testcase classname="EasyMyTrip.calender" name="staticDropDown2" time="1.328"/>
  <testcase classname="EasyMyTrip.calender" name="staticDropDwon1" time="1.747"/>
</testsuite> <!-- calender -->
