<?xml version="1.0" encoding="UTF-8"?>
<!-- Generated by org.testng.reporters.JUnitXMLReporter -->
<testsuite ignored="0" hostname="DESKTOP-95104MM" failures="0" tests="6" name="Test" time="144.217" errors="0" timestamp="2021-08-17T16:48:39 IST">
  <testcase classname="EasyMyTrip.dropDownTest" name="dropDownSuggestions" time="11.597"/>
  <testcase classname="EasyMyTrip.BrokenLink" name="getbrokenlinks" time="14.19"/>
  <testcase classname="EasyMyTrip.calender" name="calendertest" time="2.045"/>
  <testcase classname="EasyMyTrip.calender" name="staticDropDown2" time="0.519"/>
  <testcase classname="EasyMyTrip.calender" name="staticDropDwon1" time="0.547"/>
  <testcase classname="EasyMyTrip.WebCheckIn" name="invokeWebCheckIn" time="35.313"/>
</testsuite> <!-- Test -->
