<?xml version="1.0" encoding="UTF-8"?>
<!-- Generated by org.testng.reporters.JUnitXMLReporter -->
<testsuite hostname="DESKTOP-95104MM" ignored="0" name="calender" tests="3" failures="0" timestamp="2021-08-19T17:05:00 IST" time="137.999" errors="0">
  <testcase name="calendertest" time="31.632" classname="EasyMyTrip.calender"/>
  <testcase name="staticDropDown2" time="2.355" classname="EasyMyTrip.calender"/>
  <testcase name="staticDropDwon1" time="2.679" classname="EasyMyTrip.calender"/>
</testsuite> <!-- calender -->
