<?xml version="1.0" encoding="UTF-8"?>
<testng-results ignored="0" total="3" passed="3" failed="0" skipped="0">
  <reporter-output>
  </reporter-output>
  <suite started-at="2021-08-18T16:20:55 IST" name="Default suite" finished-at="2021-08-18T16:21:38 IST" duration-ms="42975">
    <groups>
    </groups>
    <test started-at="2021-08-18T16:20:55 IST" name="Default test" finished-at="2021-08-18T16:21:38 IST" duration-ms="42975">
      <class name="EasyMyTrip.calender">
        <test-method is-config="true" signature="openBrowser()[pri:0, instance:EasyMyTrip.calender@12aba8be]" started-at="2021-08-18T16:20:55 IST" name="openBrowser" finished-at="2021-08-18T16:21:30 IST" duration-ms="34723" status="PASS">
          <reporter-output>
          </reporter-output>
        </test-method> <!-- openBrowser -->
        <test-method signature="calendertest()[pri:0, instance:EasyMyTrip.calender@12aba8be]" started-at="2021-08-18T16:21:30 IST" name="calendertest" finished-at="2021-08-18T16:21:32 IST" duration-ms="2435" status="PASS">
          <reporter-output>
          </reporter-output>
        </test-method> <!-- calendertest -->
        <test-method signature="staticDropDown2()[pri:0, instance:EasyMyTrip.calender@12aba8be]" started-at="2021-08-18T16:21:32 IST" name="staticDropDown2" finished-at="2021-08-18T16:21:33 IST" duration-ms="455" status="PASS">
          <reporter-output>
          </reporter-output>
        </test-method> <!-- staticDropDown2 -->
        <test-method signature="staticDropDwon1()[pri:0, instance:EasyMyTrip.calender@12aba8be]" started-at="2021-08-18T16:21:33 IST" name="staticDropDwon1" finished-at="2021-08-18T16:21:33 IST" duration-ms="516" status="PASS">
          <reporter-output>
          </reporter-output>
        </test-method> <!-- staticDropDwon1 -->
        <test-method is-config="true" signature="closeBrowser()[pri:0, instance:EasyMyTrip.calender@12aba8be]" started-at="2021-08-18T16:21:33 IST" name="closeBrowser" finished-at="2021-08-18T16:21:38 IST" duration-ms="4718" status="PASS">
          <reporter-output>
          </reporter-output>
        </test-method> <!-- closeBrowser -->
      </class> <!-- EasyMyTrip.calender -->
    </test> <!-- Default test -->
  </suite> <!-- Default suite -->
</testng-results>
